# JRE version: OpenJDK Runtime Environment (8.0_242-b01) (build 1.8.0_242-release-1644-b01)
# Java VM: OpenJDK 64-Bit Server VM (25.242-b01 mixed mode windows-amd64 compressed oops)
Heap:
 PSYoungGen      total 271872K, used 113033K [0x00000000e0000000, 0x00000000f3200000, 0x0000000100000000)
  eden space 246784K, 45% used [0x00000000e0000000,0x00000000e6e62750,0x00000000ef100000)
  from space 25088K, 0% used [0x00000000f1980000,0x00000000f1980000,0x00000000f3200000)
  to   space 33280K, 0% used [0x00000000ef100000,0x00000000ef100000,0x00000000f1180000)
 ParOldGen       total 322048K, used 54687K [0x00000000a0000000, 0x00000000b3a80000, 0x00000000e0000000)
  object space 322048K, 16% used [0x00000000a0000000,0x00000000a3567f20,0x00000000b3a80000)
 Metaspace       used 91536K, capacity 97246K, committed 98856K, reserved 1134592K
  class space    used 12185K, capacity 13184K, committed 13608K, reserved 1048576K
GC Heap History (10 events):
Event: 1880.818 GC heap before
{Heap before GC invocations=18 (full 3):
 PSYoungGen      total 304128K, used 302874K [0x00000000e0000000, 0x00000000f4d80000, 0x0000000100000000)
  eden space 278016K, 100% used [0x00000000e0000000,0x00000000f0f80000,0x00000000f0f80000)
  from space 26112K, 95% used [0x00000000f3400000,0x00000000f4c46988,0x00000000f4d80000)
  to   space 31744K, 0% used [0x00000000f0f80000,0x00000000f0f80000,0x00000000f2e80000)
 ParOldGen       total 206336K, used 50606K [0x00000000a0000000, 0x00000000ac980000, 0x00000000e0000000)
  object space 206336K, 24% used [0x00000000a0000000,0x00000000a316b828,0x00000000ac980000)
 Metaspace       used 90453K, capacity 96572K, committed 96920K, reserved 1132544K
  class space    used 12272K, capacity 13357K, committed 13480K, reserved 1048576K
Event: 1880.841 GC heap after
Heap after GC invocations=18 (full 3):
 PSYoungGen      total 301568K, used 31724K [0x00000000e0000000, 0x00000000f4e80000, 0x0000000100000000)
  eden space 269824K, 0% used [0x00000000e0000000,0x00000000e0000000,0x00000000f0780000)
  from space 31744K, 99% used [0x00000000f0f80000,0x00000000f2e7b1e0,0x00000000f2e80000)
  to   space 32768K, 0% used [0x00000000f2e80000,0x00000000f2e80000,0x00000000f4e80000)
 ParOldGen       total 206336K, used 51654K [0x00000000a0000000, 0x00000000ac980000, 0x00000000e0000000)
  object space 206336K, 25% used [0x00000000a0000000,0x00000000a3271bf0,0x00000000ac980000)
 Metaspace       used 90453K, capacity 96572K, committed 96920K, reserved 1132544K
  class space    used 12272K, capacity 13357K, committed 13480K, reserved 1048576K
}
Event: 2291.152 GC heap before
{Heap before GC invocations=19 (full 3):
 PSYoungGen      total 301568K, used 301548K [0x00000000e0000000, 0x00000000f4e80000, 0x0000000100000000)
  eden space 269824K, 100% used [0x00000000e0000000,0x00000000f0780000,0x00000000f0780000)
  from space 31744K, 99% used [0x00000000f0f80000,0x00000000f2e7b1e0,0x00000000f2e80000)
  to   space 32768K, 0% used [0x00000000f2e80000,0x00000000f2e80000,0x00000000f4e80000)
 ParOldGen       total 206336K, used 51654K [0x00000000a0000000, 0x00000000ac980000, 0x00000000e0000000)
  object space 206336K, 25% used [0x00000000a0000000,0x00000000a3271bf0,0x00000000ac980000)
 Metaspace       used 91041K, capacity 97240K, committed 97432K, reserved 1132544K
  class space    used 12319K, capacity 13413K, committed 13480K, reserved 1048576K
Event: 2291.172 GC heap after
Heap after GC invocations=19 (full 3):
 PSYoungGen      total 284160K, used 18920K [0x00000000e0000000, 0x00000000f4480000, 0x0000000100000000)
  eden space 261632K, 0% used [0x00000000e0000000,0x00000000e0000000,0x00000000eff80000)
  from space 22528K, 83% used [0x00000000f2e80000,0x00000000f40fa228,0x00000000f4480000)
  to   space 35328K, 0% used [0x00000000eff80000,0x00000000eff80000,0x00000000f2200000)
 ParOldGen       total 206336K, used 64661K [0x00000000a0000000, 0x00000000ac980000, 0x00000000e0000000)
  object space 206336K, 31% used [0x00000000a0000000,0x00000000a3f25728,0x00000000ac980000)
 Metaspace       used 91041K, capacity 97240K, committed 97432K, reserved 1132544K
  class space    used 12319K, capacity 13413K, committed 13480K, reserved 1048576K
}
Event: 2304.251 GC heap before
{Heap before GC invocations=20 (full 3):
 PSYoungGen      total 284160K, used 280552K [0x00000000e0000000, 0x00000000f4480000, 0x0000000100000000)
  eden space 261632K, 100% used [0x00000000e0000000,0x00000000eff80000,0x00000000eff80000)
  from space 22528K, 83% used [0x00000000f2e80000,0x00000000f40fa228,0x00000000f4480000)
  to   space 35328K, 0% used [0x00000000eff80000,0x00000000eff80000,0x00000000f2200000)
 ParOldGen       total 206336K, used 64661K [0x00000000a0000000, 0x00000000ac980000, 0x00000000e0000000)
  object space 206336K, 31% used [0x00000000a0000000,0x00000000a3f25728,0x00000000ac980000)
 Metaspace       used 91517K, capacity 97914K, committed 97944K, reserved 1134592K
  class space    used 12349K, capacity 13468K, committed 13480K, reserved 1048576K
Event: 2304.266 GC heap after
Heap after GC invocations=20 (full 3):
 PSYoungGen      total 273920K, used 19756K [0x00000000e0000000, 0x00000000f3b00000, 0x0000000100000000)
  eden space 253952K, 0% used [0x00000000e0000000,0x00000000e0000000,0x00000000ef800000)
  from space 19968K, 98% used [0x00000000eff80000,0x00000000f12cb1d0,0x00000000f1300000)
  to   space 34304K, 0% used [0x00000000f1980000,0x00000000f1980000,0x00000000f3b00000)
 ParOldGen       total 206336K, used 64669K [0x00000000a0000000, 0x00000000ac980000, 0x00000000e0000000)
  object space 206336K, 31% used [0x00000000a0000000,0x00000000a3f27728,0x00000000ac980000)
 Metaspace       used 91517K, capacity 97914K, committed 97944K, reserved 1134592K
  class space    used 12349K, capacity 13468K, committed 13480K, reserved 1048576K
}
Event: 2653.545 GC heap before
{Heap before GC invocations=21 (full 3):
 PSYoungGen      total 273920K, used 212966K [0x00000000e0000000, 0x00000000f3b00000, 0x0000000100000000)
  eden space 253952K, 76% used [0x00000000e0000000,0x00000000ebcae9a0,0x00000000ef800000)
  from space 19968K, 98% used [0x00000000eff80000,0x00000000f12cb1d0,0x00000000f1300000)
  to   space 34304K, 0% used [0x00000000f1980000,0x00000000f1980000,0x00000000f3b00000)
 ParOldGen       total 206336K, used 64669K [0x00000000a0000000, 0x00000000ac980000, 0x00000000e0000000)
  object space 206336K, 31% used [0x00000000a0000000,0x00000000a3f27728,0x00000000ac980000)
 Metaspace       used 91976K, capacity 98526K, committed 98600K, reserved 1134592K
  class space    used 12387K, capacity 13538K, committed 13608K, reserved 1048576K
Event: 2653.558 GC heap after
Heap after GC invocations=21 (full 3):
 PSYoungGen      total 271872K, used 13512K [0x00000000e0000000, 0x00000000f3200000, 0x0000000100000000)
  eden space 246784K, 0% used [0x00000000e0000000,0x00000000e0000000,0x00000000ef100000)
  from space 25088K, 53% used [0x00000000f1980000,0x00000000f26b21f8,0x00000000f3200000)
  to   space 33280K, 0% used [0x00000000ef100000,0x00000000ef100000,0x00000000f1180000)
 ParOldGen       total 206336K, used 64677K [0x00000000a0000000, 0x00000000ac980000, 0x00000000e0000000)
  object space 206336K, 31% used [0x00000000a0000000,0x00000000a3f29728,0x00000000ac980000)
 Metaspace       used 91976K, capacity 98526K, committed 98600K, reserved 1134592K
  class space    used 12387K, capacity 13538K, committed 13608K, reserved 1048576K
}
Event: 2653.558 GC heap before
{Heap before GC invocations=22 (full 4):
 PSYoungGen      total 271872K, used 13512K [0x00000000e0000000, 0x00000000f3200000, 0x0000000100000000)
  eden space 246784K, 0% used [0x00000000e0000000,0x00000000e0000000,0x00000000ef100000)
  from space 25088K, 53% used [0x00000000f1980000,0x00000000f26b21f8,0x00000000f3200000)
  to   space 33280K, 0% used [0x00000000ef100000,0x00000000ef100000,0x00000000f1180000)
 ParOldGen       total 206336K, used 64677K [0x00000000a0000000, 0x00000000ac980000, 0x00000000e0000000)
  object space 206336K, 31% used [0x00000000a0000000,0x00000000a3f29728,0x00000000ac980000)
 Metaspace       used 91976K, capacity 98526K, committed 98600K, reserved 1134592K
  class space    used 12387K, capacity 13538K, committed 13608K, reserved 1048576K
Event: 2653.766 GC heap after
Heap after GC invocations=22 (full 4):
 PSYoungGen      total 271872K, used 0K [0x00000000e0000000, 0x00000000f3200000, 0x0000000100000000)
  eden space 246784K, 0% used [0x00000000e0000000,0x00000000e0000000,0x00000000ef100000)
  from space 25088K, 0% used [0x00000000f1980000,0x00000000f1980000,0x00000000f3200000)
  to   space 33280K, 0% used [0x00000000ef100000,0x00000000ef100000,0x00000000f1180000)
 ParOldGen       total 322048K, used 54687K [0x00000000a0000000, 0x00000000b3a80000, 0x00000000e0000000)
  object space 322048K, 16% used [0x00000000a0000000,0x00000000a3567f20,0x00000000b3a80000)
 Metaspace       used 90995K, capacity 95912K, committed 98600K, reserved 1134592K
  class space    used 12076K, capacity 12983K, committed 13608K, reserved 1048576K
}

